Build started 5/30/2014 4:34:42 AM.
     1>Project "C:\Users\nredmond\Documents\C Plus Plus\Repository\GameSkeleton\GameSolution\Game\Game.vcxproj" on node 2 (Build target(s)).
     1>ClCompile:
         C:\Program Files (x86)\Microsoft Visual Studio 11.0\VC\bin\CL.exe /c /I"C:\Users\nredmond\Documents\C Plus Plus\Repository\GameSkeleton\GameSolution\\Engine" /I"C:\Users\nredmond\Documents\C Plus Plus\Repository\GameSkeleton\GameSolution\\Core\include" /ZI /nologo /W4 /WX /Od /Oy- /D WIN32 /D _DEBUG /D _WINDOWS /D _UNICODE /D UNICODE /Gm /EHsc /RTC1 /MDd /GS /fp:precise /Zc:wchar_t /Zc:forScope /Fo"Debug\\" /Fd"Debug\vc110.pdb" /Gd /TP /analyze- /errorReport:prompt main.cpp
         main.cpp
     1>c:\users\nredmond\documents\c plus plus\repository\gameskeleton\gamesolution\game\main.cpp(35): error C3861: 'PROFILE': identifier not found
     1>Done Building Project "C:\Users\nredmond\Documents\C Plus Plus\Repository\GameSkeleton\GameSolution\Game\Game.vcxproj" (Build target(s)) -- FAILED.

Build FAILED.

Time Elapsed 00:00:00.75
